<?xml version="1.0" encoding="UTF-8"?>
<!-- Generated by org.testng.reporters.JUnitReportReporter -->
<testsuite hostname="lil" failures="0" tests="1" name="ques2" time="53.728" errors="0" timestamp="2023-05-04T15:50:53 IST" skipped="0">
  <testcase classname="ques2" name="Test" time="53.728"/>
  <system-out/>
</testsuite> <!-- ques2 -->
